1616627013920	geckodriver	INFO	Listening on 127.0.0.1:49161
1616627014936	mozrunner::runner	INFO	Running command: "/Applications/Firefox.app/Contents/MacOS/firefox-bin" "--marionette" "-foreground" "-no-remote" "-profile" "/var/folders/5p/zgtjnl794zb13hf2wlcc1p4c0000gn/T/rust_mozprofiletM80K9"
2021-03-24 18:03:39.824 firefox-bin[22778:26449628] Warning: Expected min height of view: (<NSButton: 0x12b656c00>) to be less than or equal to 30 but got a height of 32.000000. This error will be logged once per view in violation.
2021-03-24 18:03:39.825 firefox-bin[22778:26449628] Warning: Expected min height of view: (<NSButton: 0x136431400>) to be less than or equal to 30 but got a height of 32.000000. This error will be logged once per view in violation.
2021-03-24 18:03:39.825 firefox-bin[22778:26449628] Warning: Expected min height of view: (<NSButton: 0x136433800>) to be less than or equal to 30 but got a height of 32.000000. This error will be logged once per view in violation.
2021-03-24 18:03:39.826 firefox-bin[22778:26449628] Warning: Expected min height of view: (<NSButton: 0x13642cc00>) to be less than or equal to 30 but got a height of 32.000000. This error will be logged once per view in violation.
2021-03-24 18:03:39.826 firefox-bin[22778:26449628] Warning: Expected min height of view: (<NSPopoverTouchBarItemButton: 0x13642d800>) to be less than or equal to 30 but got a height of 32.000000. This error will be logged once per view in violation.
2021-03-24 18:03:39.827 firefox-bin[22778:26449628] Warning: Expected min height of view: (<NSButton: 0x136433400>) to be less than or equal to 30 but got a height of 32.000000. This error will be logged once per view in violation.
console.warn: SearchSettings: "get: No settings file exists, new profile?" (new Error("", "(unknown module)"))
1616627021014	Marionette	INFO	Listening on port 49172
1616627095324	geckodriver	INFO	Listening on 127.0.0.1:49237
1616627096336	mozrunner::runner	INFO	Running command: "/Applications/Firefox.app/Contents/MacOS/firefox-bin" "--marionette" "--headless" "-foreground" "-no-remote" "-profile" "/var/folders/5p/zgtjnl794zb13hf2wlcc1p4c0000gn/T/rust_mozprofilepf3P5i"
*** You are running in headless mode.
console.warn: SearchSettings: "get: No settings file exists, new profile?" (new Error("", "(unknown module)"))
1616627098082	Marionette	INFO	Listening on port 49248
1616627098192	Marionette	WARN	TLS certificate errors will be ignored for this session
Exiting due to channel error.
Exiting due to channel error.
Exiting due to channel error.
1616627279466	geckodriver	INFO	Listening on 127.0.0.1:49330
1616627280476	mozrunner::runner	INFO	Running command: "/Applications/Firefox.app/Contents/MacOS/firefox-bin" "--marionette" "--headless" "-foreground" "-no-remote" "-profile" "/var/folders/5p/zgtjnl794zb13hf2wlcc1p4c0000gn/T/rust_mozprofileHv9c1i"
*** You are running in headless mode.
console.warn: SearchSettings: "get: No settings file exists, new profile?" (new Error("", "(unknown module)"))
1616627282198	Marionette	INFO	Listening on port 49341
1616627282235	Marionette	WARN	TLS certificate errors will be ignored for this session
Exiting due to channel error.
Exiting due to channel error.
Exiting due to channel error.
1616627328440	geckodriver	INFO	Listening on 127.0.0.1:49418
1616627329452	mozrunner::runner	INFO	Running command: "/Applications/Firefox.app/Contents/MacOS/firefox-bin" "--marionette" "--headless" "-foreground" "-no-remote" "-profile" "/var/folders/5p/zgtjnl794zb13hf2wlcc1p4c0000gn/T/rust_mozprofileui19kA"
*** You are running in headless mode.
console.warn: SearchSettings: "get: No settings file exists, new profile?" (new Error("", "(unknown module)"))
1616627331131	Marionette	INFO	Listening on port 49429
1616627331215	Marionette	WARN	TLS certificate errors will be ignored for this session
Exiting due to channel error.
Exiting due to channel error.
[GFX1-]: Receive IPC close with reason=AbnormalShutdown
Exiting due to channel error.
